#############################################
#### VMware Host Fingerprinting Report from Guest
####
#### (Starting at Tue May 12 03:04:31 UTC 2015)
####
#### Tool version: 0.51
#### Platform:     x86_64-linux-gnu - Linux kalimini 4.0.0-kali1-amd64 #1 SMP Debian 4.0.4-1+kali2 (2015-06-03) x86_64 GNU/Linux
 
current user=root

===> Running as root, all info available

---X---X---X---X---X---X---X---X---X---

#### VM Hypervisor Version 
VM hypervisor version=ESXi 6.0
patch level=unknown

---X---X---X---X---X---X---X---X---X---

#### BIOS strings:
	Manufacturer: VMware, Inc.
	Product Name: VMware Virtual Platform
	Serial Number: VMware-56 4d 41 c0 a9 72 3d 10-5f 84 b6 06 38 32 0a 6a
	Description: VMware SVGA II

---X---X---X---X---X---X---X---X---X---

#### BIOS signature:
BIOS Information
	Vendor: Phoenix Technologies LTD
	Version: 6.00
	Release Date: 09/30/2014
	Address: 0xE9A40
	Runtime Size: 91584 bytes
	ROM Size: 64 kB
	Characteristics:
		ISA is supported
		PCI is supported

---X---X---X---X---X---X---X---X---X---

#### BIOS Release date:
	Release Date: 09/30/2014

---X---X---X---X---X---X---X---X---X---

#### PCI strings:
00:00.0 Host bridge: Intel Corporation 440BX/ZX/DX - 82443BX/ZX/DX Host bridge (rev 01)
00:01.0 PCI bridge: Intel Corporation 440BX/ZX/DX - 82443BX/ZX/DX AGP bridge (rev 01)
00:07.0 ISA bridge: Intel Corporation 82371AB/EB/MB PIIX4 ISA (rev 08)
00:07.1 IDE interface: Intel Corporation 82371AB/EB/MB PIIX4 IDE (rev 01)
00:07.3 Bridge: Intel Corporation 82371AB/EB/MB PIIX4 ACPI (rev 08)
00:07.7 System peripheral: VMware Virtual Machine Communication Interface (rev 10)
00:0f.0 VGA compatible controller: VMware SVGA II Adapter
00:11.0 PCI bridge: VMware PCI bridge (rev 02)
00:15.0 PCI bridge: VMware PCI Express Root Port (rev 01)
00:15.1 PCI bridge: VMware PCI Express Root Port (rev 01)
00:15.2 PCI bridge: VMware PCI Express Root Port (rev 01)
00:15.3 PCI bridge: VMware PCI Express Root Port (rev 01)
00:15.4 PCI bridge: VMware PCI Express Root Port (rev 01)
00:15.5 PCI bridge: VMware PCI Express Root Port (rev 01)
00:15.6 PCI bridge: VMware PCI Express Root Port (rev 01)
00:15.7 PCI bridge: VMware PCI Express Root Port (rev 01)
00:16.0 PCI bridge: VMware PCI Express Root Port (rev 01)
00:16.1 PCI bridge: VMware PCI Express Root Port (rev 01)
00:16.2 PCI bridge: VMware PCI Express Root Port (rev 01)
00:16.3 PCI bridge: VMware PCI Express Root Port (rev 01)
00:16.4 PCI bridge: VMware PCI Express Root Port (rev 01)
00:16.5 PCI bridge: VMware PCI Express Root Port (rev 01)
00:16.6 PCI bridge: VMware PCI Express Root Port (rev 01)
00:16.7 PCI bridge: VMware PCI Express Root Port (rev 01)
00:17.0 PCI bridge: VMware PCI Express Root Port (rev 01)
00:17.1 PCI bridge: VMware PCI Express Root Port (rev 01)
00:17.2 PCI bridge: VMware PCI Express Root Port (rev 01)
00:17.3 PCI bridge: VMware PCI Express Root Port (rev 01)
00:17.4 PCI bridge: VMware PCI Express Root Port (rev 01)
00:17.5 PCI bridge: VMware PCI Express Root Port (rev 01)
00:17.6 PCI bridge: VMware PCI Express Root Port (rev 01)
00:17.7 PCI bridge: VMware PCI Express Root Port (rev 01)
00:18.0 PCI bridge: VMware PCI Express Root Port (rev 01)
00:18.1 PCI bridge: VMware PCI Express Root Port (rev 01)
00:18.2 PCI bridge: VMware PCI Express Root Port (rev 01)
00:18.3 PCI bridge: VMware PCI Express Root Port (rev 01)
00:18.4 PCI bridge: VMware PCI Express Root Port (rev 01)
00:18.5 PCI bridge: VMware PCI Express Root Port (rev 01)
00:18.6 PCI bridge: VMware PCI Express Root Port (rev 01)
00:18.7 PCI bridge: VMware PCI Express Root Port (rev 01)
02:00.0 Ethernet controller: Intel Corporation 82545EM Gigabit Ethernet Controller (Copper) (rev 01)
02:02.0 USB controller: VMware USB1.1 UHCI Controller
02:03.0 USB controller: VMware USB2 EHCI Controller
03:00.0 Ethernet controller: VMware VMXNET3 Ethernet Controller (rev 01)

---X---X---X---X---X---X---X---X---X---

#### USB devices:
Bus 002 Device 001: ID 1d6b:0002 Linux Foundation 2.0 root hub
Bus 001 Device 003: ID 0e0f:0002 VMware, Inc. Virtual USB Hub
Bus 001 Device 002: ID 0e0f:0003 VMware, Inc. Virtual Mouse
Bus 001 Device 001: ID 1d6b:0001 Linux Foundation 1.1 root hub

---X---X---X---X---X---X---X---X---X---

#### CPU features:
Architecture:          x86_64
CPU op-mode(s):        32-bit, 64-bit
Byte Order:            Little Endian
CPU(s):                1
On-line CPU(s) list:   0
Thread(s) per core:    1
Core(s) per socket:    1
Socket(s):             1
NUMA node(s):          1
Vendor ID:             AuthenticAMD
CPU family:            18
Model:                 1
Model name:            AMD Athlon(tm) II X4 631 Quad-Core Processor
Stepping:              0
CPU MHz:               2593.570
BogoMIPS:              5187.14
Hypervisor vendor:     VMware
Virtualization type:   full
L1d cache:             64K
L1i cache:             64K
L2 cache:              1024K
NUMA node0 CPU(s):     0

---X---X---X---X---X---X---X---X---X---

#### Kernel modules:
vmw_vsock_vmci_transport    28672  2 
vsock                  32768  3 vmw_vsock_vmci_transport
vmw_balloon            16384  0 
vmwgfx                172032  2 
ttm                    77824  1 vmwgfx
drm_kms_helper        102400  1 vmwgfx
vmw_vmci               57344  1 vmw_vsock_vmci_transport
drm                   274432  5 ttm,drm_kms_helper,vmwgfx
vmw_pvscsi             24576  0 
vmxnet3                49152  0 
scsi_mod              200704  5 sg,libata,vmw_pvscsi,sd_mod,sr_mod

---X---X---X---X---X---X---X---X---X---

#### VM Guest stats (legacy)
12 May 2015 03:04:32
2594 MHz
0xd0331dbae294cfd9
0 MB
0 MB
3145727 MB
0 MB
0 MHz
4294967295 MHz

---X---X---X---X---X---X---X---X---X---

#### VM check stats (legacy)
#### -- Hypervisor type:
ESX Server
#### -- VM hardware version:
VM's hw version is 4
VMware software version 6 (good)
0 0

---X---X---X---X---X---X---X---X---X---

#### Available stats:
stats_raw=session 
host 
resources 
vscsi ide0:0
vnet 00:0c:29:32:0a:6a
vnet 00:0c:29:32:0a:74

#### Session stats:
session = -3444376601505771559
uptime = 10777157759
version = VMware ESX 6.0.0 build-2494585
provider = 
uuid.bios = 56 4d 41 c0 a9 72 3d 10-5f 84 b6 06 38 32 0a 6a
#### Host stats:
host.cpu.processorMHz = 2593
host.cpu.coresPerPkg = 1
#### VM stats:
vm.cpu.reserved = 0
vm.cpu.limit = -1
vm.cpu.used = 1666514554
vm.cpu.contention.cpu = 207674224
vm.cpu.contention.mem = 78918342
guest.mem.reserved = 0
guest.mem.limit = 3221225456
guest.mem.mapped = 1048576
guest.mem.consumed = 1009556
guest.mem.swapped = 0
guest.mem.ballooned = 0
guest.mem.swapIn = 0
guest.mem.swapOut = 0
ovhd.mem.swapped = 0
ovhd.mem.swapIn = 0
ovhd.mem.swapOut = 0

---X---X---X---X---X---X---X---X---X---

#### VM Guest tools info
VMware Tools daemon, version 9.10.0.43888 (build-2476743)
#### Host VM shares (HGFS):
#### VM Guest operation scripts
#### ... power
/etc/vmware-tools/poweron-vm-default
#### ... resume
/etc/vmware-tools/resume-vm-default
#### ... suspend
/etc/vmware-tools/suspend-vm-default
#### ... shutdown
/etc/vmware-tools/poweroff-vm-default

---X---X---X---X---X---X---X---X---X---

#### VM Guest devices (visible if isolation is disabled in .vmx)
#### VM Guest virtual drive mountpoints
Shrink disk is disabled for this virtual machine.

Shrinking is disabled for linked clones, parents of linked clones, 
pre-allocated disks, snapshots, or due to other factors. 
See the User's manual for more information.
device_list=["vscsi ide0:0"] 
####    storage device vscsi ide0:0 stats:
num.reads = 4197
num.writes = 10161
size.reads = 84475904
size.writes = 461414400
latency.reads = 27897419
latency.writes = 25334559

---X---X---X---X---X---X---X---X---X---


---X---X---X---X---X---X---X---X---X---

device_list=["vnet 00:0c:29:32:0a:6a", "vnet 00:0c:29:32:0a:74"] 
####    network device vnet 00:0c:29:32:0a:6a stats:
num.tx = 12345
size.tx = 1116059
num.rx = 23147
size.rx = 21227126
reservation = 0
limit = -1

---X---X---X---X---X---X---X---X---X---

####    network device vnet 00:0c:29:32:0a:74 stats:
num.tx = 14
size.tx = 1276
num.rx = 0
size.rx = 0
reservation = 0
limit = -1

---X---X---X---X---X---X---X---X---X---

#### VM ARP networking stats:
Address                  HWtype  HWaddress           Flags Mask            Iface
192.168.189.134          ether   00:0c:29:bd:16:1f   C                     eth1
192.168.189.254          ether   00:50:56:e8:45:2f   C                     eth1
192.168.189.128          ether   00:0c:29:3a:80:a1   C                     eth1
192.168.189.2            ether   00:50:56:fc:0d:df   C                     eth1
192.168.189.1            ether   00:50:56:c0:00:08   C                     eth1
#### VM IP routing networking stats:
Kernel IP routing table
Destination     Gateway         Genmask         Flags Metric Ref    Use Iface
default         192.168.189.2   0.0.0.0         UG    1024   0        0 eth1
192.168.189.0   *               255.255.255.0   U     0      0        0 eth1
#### VM IP networking stats:
eth0      Link encap:Ethernet  HWaddr 00:0c:29:32:0a:74  
          inet6 addr: fe80::20c:29ff:fe32:a74/64 Scope:Link
          UP BROADCAST RUNNING MULTICAST  MTU:1500  Metric:1
          RX packets:2 errors:0 dropped:0 overruns:0 frame:0
          TX packets:74 errors:0 dropped:0 overruns:0 carrier:0
          collisions:0 txqueuelen:1000 
          RX bytes:120 (120.0 B)  TX bytes:13084 (12.7 KiB)

eth1      Link encap:Ethernet  HWaddr 00:0c:29:32:0a:6a  
          inet addr:192.168.189.147  Bcast:192.168.189.255  Mask:255.255.255.0
          inet6 addr: fe80::20c:29ff:fe32:a6a/64 Scope:Link
          UP BROADCAST RUNNING MULTICAST  MTU:1500  Metric:1
          RX packets:48559 errors:0 dropped:0 overruns:0 frame:0
          TX packets:20163 errors:0 dropped:0 overruns:0 carrier:0
          collisions:0 txqueuelen:1000 
          RX bytes:50877672 (48.5 MiB)  TX bytes:1807514 (1.7 MiB)

lo        Link encap:Local Loopback  
          inet addr:127.0.0.1  Mask:255.0.0.0
          inet6 addr: ::1/128 Scope:Host
          UP LOOPBACK RUNNING  MTU:65536  Metric:1
          RX packets:48 errors:0 dropped:0 overruns:0 frame:0
          TX packets:48 errors:0 dropped:0 overruns:0 carrier:0
          collisions:0 txqueuelen:0 
          RX bytes:2160 (2.1 KiB)  TX bytes:2160 (2.1 KiB)


---X---X---X---X---X---X---X---X---X---

#### Scaning vsockets environment
####      vsockets properties:
VMware vsockets environment properties
=======================================
VMware vmci address familly=40
VMware vmci is present
VMware vmci local CID=942803562
Guest machine detected (CID=942803562)

---X---X---X---X---X---X---X---X---X---

####      scaning open connection-oriented ports on Hypervisor:
Scanning vsocket ports for CID=0...
-+-host port 976 open
VMware vsockets environment properties
=======================================
VMware vmci address familly=40
VMware vmci is present
VMware vmci local CID=942803562
Guest machine detected (CID=942803562)

---X---X---X---X---X---X---X---X---X---

#### VM Guest backdoor low-level info
#### ... Host screen size

Backdoor command call Fh failed.

---X---X---X---X---X---X---X---X---X---

#### ... BIOS UUID

56 4d 41 c0 a9 72 3d 10 5f 84 b6 06 38 32 0a 6a 

---X---X---X---X---X---X---X---X---X---

#### ... Paste from clipboard

No more data in clipboard

---X---X---X---X---X---X---X---X---X---

#### ... List connectable devices

No connectable device

---X---X---X---X---X---X---X---X---X---

#### ... RPC: machine.id.get

RPC channel: 2 (cookie dd49c9bd:7328d74f)
RPC command: machine.id.get
RPC reply  : 0 No machine id
RPC channel closed

#### ... RPC: guestInfo
#### ..... info-get guestinfo.joebanana

RPC channel: 2 (conventional)
RPC command: info-get guestinfo.joebanana
RPC reply  : 1 banana
RPC channel closed

#### ..... info-set guestinfo.joebanana

RPC channel: 2 (conventional)
RPC command: info-set guestinfo.joebanana banana
RPC reply  : 1 
RPC channel closed

#### ..... info-get guestinfo.joebanana

RPC channel: 2 (conventional)
RPC command: info-get guestinfo.joebanana
RPC reply  : 1 banana
RPC channel closed

#### ... RPC: log
#### ..... log

RPC channel: 2 (conventional)
RPC command: log joebanana
RPC reply  : 1 
RPC channel closed

#### ..... log -e

RPC channel: 2 (cookie bc4cebc4:34c6e4ff)
RPC command: log joebanana
RPC reply  : 1 
RPC channel closed

---X---X---X---X---X---X---X---X---X---

#### VM Guest backdoor dump (very low-level)
vm_backdump : vmware backdoor commands dump tool 
=================================================
   [BUILD=Thu Sep 15 15:51:44 UTC 2016] Linux
=================================================

Backdoor Cmd(Get Version (Hypervisor version)) 
IN: ===> [ASM] IN DX, EAX ;--- DX=0x5658 (backdoor port) , EAX=0x0000000a (backdoor cmd)
OUT: EAX=00000006 (OK)   EBX=564d5868 (Changed)   ECX=00000002 <==(Changed)   EDX=00005658 (Unchanged)   

=================================================

@@@@@ Backdump_Dump all backdoor commands (even unknown/undocumented)
@@@@@ 


Backdoor Cmd((null)) 
IN: ===> [ASM] IN DX, EAX ;--- DX=0x5658 (backdoor port) , EAX=0x00000001 (backdoor cmd)
OUT: EAX=00000a22 (OK)   EBX=00000000 (Unchanged)   ECX=00000001 (Unchanged)   EDX=00005658 (Unchanged)   

Backdoor Cmd(BDOOR_CMD_APMFUNCTION) 
IN: ===> [ASM] IN DX, EAX ;--- DX=0x5658 (backdoor port) , EAX=0x00000002 (backdoor cmd)
OUT: EAX=ffffffff (ERR)   EBX=00000000 (Unchanged)   ECX=00000002 (Unchanged)   EDX=00005658 (Unchanged)   

Backdoor Cmd(BDOOR_CMD_GETDISKGEO) 
IN: ===> [ASM] IN DX, EAX ;--- DX=0x5658 (backdoor port) , EAX=0x00000003 (backdoor cmd)
OUT: EAX=ffffffff (ERR)   EBX=00000000 (Unchanged)   ECX=00000003 (Unchanged)   EDX=00005658 (Unchanged)   

Backdoor Cmd(BDOOR_CMD_GETPTRLOCATION) 
IN: ===> [ASM] IN DX, EAX ;--- DX=0x5658 (backdoor port) , EAX=0x00000004 (backdoor cmd)
OUT: EAX=029d00ea (OK)   EBX=00000000 (Unchanged)   ECX=00000004 (Unchanged)   EDX=00005658 (Unchanged)   

Backdoor Cmd(BDOOR_CMD_SETPTRLOCATION) 
IN: ===> [ASM] IN DX, EAX ;--- DX=0x5658 (backdoor port) , EAX=0x00000005 (backdoor cmd)
OUT: EAX=00000000 (OK)   EBX=00000000 (Unchanged)   ECX=00000005 (Unchanged)   EDX=00005658 (Unchanged)   

Backdoor Cmd(BDOOR_CMD_GETSELLENGTH) 
IN: ===> [ASM] IN DX, EAX ;--- DX=0x5658 (backdoor port) , EAX=0x00000006 (backdoor cmd)
OUT: EAX=ffffffff (ERR)   EBX=00000000 (Unchanged)   ECX=00000006 (Unchanged)   EDX=00005658 (Unchanged)   

Backdoor Cmd(BDOOR_CMD_GETNEXTPIECE) 
IN: ===> [ASM] IN DX, EAX ;--- DX=0x5658 (backdoor port) , EAX=0x00000007 (backdoor cmd)
OUT: EAX=ffffffff (ERR)   EBX=00000000 (Unchanged)   ECX=00000007 (Unchanged)   EDX=00005658 (Unchanged)   

Backdoor Cmd(BDOOR_CMD_SETSELLENGTH) 
IN: ===> [ASM] IN DX, EAX ;--- DX=0x5658 (backdoor port) , EAX=0x00000008 (backdoor cmd)
OUT: EAX=ffffffff (ERR)   EBX=00000000 (Unchanged)   ECX=00000008 (Unchanged)   EDX=00005658 (Unchanged)   

Backdoor Cmd(BDOOR_CMD_SETNEXTPIECE) 
IN: ===> [ASM] IN DX, EAX ;--- DX=0x5658 (backdoor port) , EAX=0x00000009 (backdoor cmd)
OUT: EAX=ffffffff (ERR)   EBX=00000000 (Unchanged)   ECX=00000009 (Unchanged)   EDX=00005658 (Unchanged)   

Backdoor Cmd(BDOOR_CMD_GETVERSION) 
IN: ===> [ASM] IN DX, EAX ;--- DX=0x5658 (backdoor port) , EAX=0x0000000a (backdoor cmd)
OUT: EAX=00000006 (OK)   EBX=564d5868 (Changed)   ECX=00000002 <==(Changed)   EDX=00005658 (Unchanged)   

Backdoor Cmd(BDOOR_CMD_GETDEVICELISTELEMENT) 
IN: ===> [ASM] IN DX, EAX ;--- DX=0x5658 (backdoor port) , EAX=0x0000000b (backdoor cmd)
OUT: EAX=ffffffff (ERR)   EBX=00000000 (Unchanged)   ECX=0000000b (Unchanged)   EDX=00005658 (Unchanged)   

Backdoor Cmd(BDOOR_CMD_TOGGLEDEVICE) 
IN: ===> [ASM] IN DX, EAX ;--- DX=0x5658 (backdoor port) , EAX=0x0000000c (backdoor cmd)
OUT: EAX=ffffffff (ERR)   EBX=00000000 (Unchanged)   ECX=0000000c (Unchanged)   EDX=00005658 (Unchanged)   

Backdoor Cmd(BDOOR_CMD_GETGUIOPTIONS) 
IN: ===> [ASM] IN DX, EAX ;--- DX=0x5658 (backdoor port) , EAX=0x0000000d (backdoor cmd)
OUT: EAX=00000a03 (OK)   EBX=00000000 (Unchanged)   ECX=0000000d (Unchanged)   EDX=00005658 (Unchanged)   

Backdoor Cmd(BDOOR_CMD_SETGUIOPTIONS) 
IN: ===> [ASM] IN DX, EAX ;--- DX=0x5658 (backdoor port) , EAX=0x0000000e (backdoor cmd)
OUT: EAX=00000000 (OK)   EBX=00000000 (Unchanged)   ECX=0000000e (Unchanged)   EDX=00005658 (Unchanged)   

Backdoor Cmd(BDOOR_CMD_GETSCREENSIZE) 
IN: ===> [ASM] IN DX, EAX ;--- DX=0x5658 (backdoor port) , EAX=0x0000000f (backdoor cmd)
OUT: EAX=ffffffff (ERR)   EBX=00000000 (Unchanged)   ECX=0000000f (Unchanged)   EDX=00005658 (Unchanged)   

Backdoor Cmd(BDOOR_CMD_MONITOR_CONTROL) 
IN: ===> [ASM] IN DX, EAX ;--- DX=0x5658 (backdoor port) , EAX=0x00000010 (backdoor cmd)
OUT: EAX=ffffffff (ERR)   EBX=00000000 (Unchanged)   ECX=00000010 (Unchanged)   EDX=00005658 (Unchanged)   

Backdoor Cmd(BDOOR_CMD_GETHWVERSION) 
IN: ===> [ASM] IN DX, EAX ;--- DX=0x5658 (backdoor port) , EAX=0x00000011 (backdoor cmd)
OUT: EAX=00000004 (OK)   EBX=00000000 (Unchanged)   ECX=00000011 (Unchanged)   EDX=00005658 (Unchanged)   

Backdoor Cmd(BDOOR_CMD_OSNOTFOUND) 
IN: ===> [ASM] IN DX, EAX ;--- DX=0x5658 (backdoor port) , EAX=0x00000012 (backdoor cmd)
OUT: EAX=ffffffff (ERR)   EBX=00000000 (Unchanged)   ECX=00000012 (Unchanged)   EDX=00005658 (Unchanged)   

Backdoor Cmd(BDOOR_CMD_GETUUID) 
IN: ===> [ASM] IN DX, EAX ;--- DX=0x5658 (backdoor port) , EAX=0x00000013 (backdoor cmd)
OUT: EAX=c0414d56 (OK)   EBX=103d72a9 (Changed)   ECX=06b6845f <==(Changed)   EDX=6a0a3238 <==Changed   

Backdoor Cmd(BDOOR_CMD_GETMEMSIZE) 
IN: ===> [ASM] IN DX, EAX ;--- DX=0x5658 (backdoor port) , EAX=0x00000014 (backdoor cmd)
OUT: EAX=00000400 (OK)   EBX=00001177 (Changed)   ECX=00000014 (Unchanged)   EDX=00005658 (Unchanged)   

Backdoor Cmd(BDOOR_CMD_HOSTCOPY) 
IN: ===> [ASM] IN DX, EAX ;--- DX=0x5658 (backdoor port) , EAX=0x00000015 (backdoor cmd)
OUT: EAX=ffffffff (ERR)   EBX=00000000 (Unchanged)   ECX=00000015 (Unchanged)   EDX=00005658 (Unchanged)   

Backdoor Cmd((null)) 
IN: ===> [ASM] IN DX, EAX ;--- DX=0x5658 (backdoor port) , EAX=0x00000016 (backdoor cmd)
OUT: EAX=ffffffff (ERR)   EBX=00000000 (Unchanged)   ECX=00000016 (Unchanged)   EDX=00005658 (Unchanged)   

Backdoor Cmd(BDOOR_CMD_GETTIME) 
IN: ===> [ASM] IN DX, EAX ;--- DX=0x5658 (backdoor port) , EAX=0x00000017 (backdoor cmd)
OUT: EAX=55516dcc (OK)   EBX=000e40ca (Changed)   ECX=000f4240 <==(Changed)   EDX=00000000 <==Changed   

Backdoor Cmd(BDOOR_CMD_STOPCATCHUP) 
IN: ===> [ASM] IN DX, EAX ;--- DX=0x5658 (backdoor port) , EAX=0x00000018 (backdoor cmd)
OUT: EAX=00000000 (OK)   EBX=00000000 (Unchanged)   ECX=00000018 (Unchanged)   EDX=00005658 (Unchanged)   

Backdoor Cmd(BDOOR_CMD_PUTCHR) 
IN: ===> [ASM] IN DX, EAX ;--- DX=0x5658 (backdoor port) , EAX=0x00000019 (backdoor cmd)
OUT: EAX=ffffffff (ERR)   EBX=00000000 (Unchanged)   ECX=00000019 (Unchanged)   EDX=00005658 (Unchanged)   

Backdoor Cmd(BDOOR_CMD_ENABLE_MSG) 
IN: ===> [ASM] IN DX, EAX ;--- DX=0x5658 (backdoor port) , EAX=0x0000001a (backdoor cmd)
OUT: EAX=ffffffff (ERR)   EBX=00000000 (Unchanged)   ECX=0000001a (Unchanged)   EDX=00005658 (Unchanged)   

Backdoor Cmd(BDOOR_CMD_GOTO_TCL) 
IN: ===> [ASM] IN DX, EAX ;--- DX=0x5658 (backdoor port) , EAX=0x0000001b (backdoor cmd)
OUT: EAX=ffffffff (ERR)   EBX=00000000 (Unchanged)   ECX=0000001b (Unchanged)   EDX=00005658 (Unchanged)   

Backdoor Cmd(BDOOR_CMD_INITPCIOPROM) 
IN: ===> [ASM] IN DX, EAX ;--- DX=0x5658 (backdoor port) , EAX=0x0000001c (backdoor cmd)
OUT: EAX=ffffffff (ERR)   EBX=00000000 (Unchanged)   ECX=0000001c (Unchanged)   EDX=00005658 (Unchanged)   

Backdoor Cmd((null)) 
IN: ===> [ASM] IN DX, EAX ;--- DX=0x5658 (backdoor port) , EAX=0x0000001d (backdoor cmd)
OUT: EAX=ffffffff (ERR)   EBX=00000000 (Unchanged)   ECX=0000001d (Unchanged)   EDX=00005658 (Unchanged)   

Backdoor Cmd(BDOOR_CMD_MESSAGE) 
IN: ===> [ASM] IN DX, EAX ;--- DX=0x5658 (backdoor port) , EAX=0x0000001e (backdoor cmd)
OUT: EAX=00000000 (OK)   EBX=00000000 (Unchanged)   ECX=00000000 <==(Changed)   EDX=00005658 (Unchanged)   

Backdoor Cmd(BDOOR_CMD_SIDT) 
IN: ===> [ASM] IN DX, EAX ;--- DX=0x5658 (backdoor port) , EAX=0x0000001f (backdoor cmd)
OUT: EAX=ff574000 (OK)   EBX=564d5868 (Changed)   ECX=00000fff <==(Changed)   EDX=00005658 (Unchanged)   

Backdoor Cmd(BDOOR_CMD_SGDT) 
IN: ===> [ASM] IN DX, EAX ;--- DX=0x5658 (backdoor port) , EAX=0x00000020 (backdoor cmd)
OUT: EAX=3fc09000 (OK)   EBX=564d5868 (Changed)   ECX=0000007f <==(Changed)   EDX=00005658 (Unchanged)   

Backdoor Cmd(BDOOR_CMD_SLDT_STR) 
IN: ===> [ASM] IN DX, EAX ;--- DX=0x5658 (backdoor port) , EAX=0x00000021 (backdoor cmd)
OUT: EAX=00000000 (OK)   EBX=564d5868 (Changed)   ECX=00000040 <==(Changed)   EDX=00005658 (Unchanged)   

Backdoor Cmd(BDOOR_CMD_ISACPIDISABLED) 
IN: ===> [ASM] IN DX, EAX ;--- DX=0x5658 (backdoor port) , EAX=0x00000022 (backdoor cmd)
OUT: EAX=00000000 (OK)   EBX=00000000 (Unchanged)   ECX=00000022 (Unchanged)   EDX=00005658 (Unchanged)   

Backdoor Cmd((null)) 
IN: ===> [ASM] IN DX, EAX ;--- DX=0x5658 (backdoor port) , EAX=0x00000023 (backdoor cmd)
OUT: EAX=ffffffff (ERR)   EBX=00000000 (Unchanged)   ECX=00000023 (Unchanged)   EDX=00005658 (Unchanged)   

Backdoor Cmd(BDOOR_CMD_ISMOUSEABSOLUTE) 
IN: ===> [ASM] IN DX, EAX ;--- DX=0x5658 (backdoor port) , EAX=0x00000024 (backdoor cmd)
OUT: EAX=00000001 (OK)   EBX=00000000 (Unchanged)   ECX=00000024 (Unchanged)   EDX=00005658 (Unchanged)   

Backdoor Cmd(BDOOR_CMD_PATCH_SMBIOS_STRUCTS) 
IN: ===> [ASM] IN DX, EAX ;--- DX=0x5658 (backdoor port) , EAX=0x00000025 (backdoor cmd)
OUT: EAX=ffffffff (ERR)   EBX=00000000 (Unchanged)   ECX=00000025 (Unchanged)   EDX=00005658 (Unchanged)   

Backdoor Cmd(BDOOR_CMD_MAPMEM) 
IN: ===> [ASM] IN DX, EAX ;--- DX=0x5658 (backdoor port) , EAX=0x00000026 (backdoor cmd)
OUT: EAX=ffffffff (ERR)   EBX=00000000 (Unchanged)   ECX=00000026 (Unchanged)   EDX=00005658 (Unchanged)   

Backdoor Cmd(BDOOR_CMD_ABSPOINTER_DATA) 
IN: ===> [ASM] IN DX, EAX ;--- DX=0x5658 (backdoor port) , EAX=0x00000027 (backdoor cmd)
OUT: EAX=ffffffff (ERR)   EBX=00000000 (Unchanged)   ECX=00000027 (Unchanged)   EDX=00005658 (Unchanged)   

Backdoor Cmd(BDOOR_CMD_ABSPOINTER_STATUS) 
IN: ===> [ASM] IN DX, EAX ;--- DX=0x5658 (backdoor port) , EAX=0x00000028 (backdoor cmd)
OUT: EAX=00000000 (OK)   EBX=00000000 (Unchanged)   ECX=00000028 (Unchanged)   EDX=00005658 (Unchanged)   

Backdoor Cmd(BDOOR_CMD_ABSPOINTER_COMMAND) 
IN: ===> [ASM] IN DX, EAX ;--- DX=0x5658 (backdoor port) , EAX=0x00000029 (backdoor cmd)
OUT: EAX=00000001 (OK)   EBX=00000000 (Unchanged)   ECX=00000029 (Unchanged)   EDX=00005658 (Unchanged)   

Backdoor Cmd((null)) 
IN: ===> [ASM] IN DX, EAX ;--- DX=0x5658 (backdoor port) , EAX=0x0000002a (backdoor cmd)
OUT: EAX=ffffffff (ERR)   EBX=00000000 (Unchanged)   ECX=0000002a (Unchanged)   EDX=00005658 (Unchanged)   

Backdoor Cmd(BDOOR_CMD_PATCH_ACPI_TABLES) 
IN: ===> [ASM] IN DX, EAX ;--- DX=0x5658 (backdoor port) , EAX=0x0000002b (backdoor cmd)
OUT: EAX=564d5868 (Unchanged)   EBX=00000000 (Unchanged)   ECX=0000002b (Unchanged)   EDX=00005658 (Unchanged)   

Backdoor Cmd((null)) 
IN: ===> [ASM] IN DX, EAX ;--- DX=0x5658 (backdoor port) , EAX=0x0000002c (backdoor cmd)
OUT: EAX=ffffffff (ERR)   EBX=00000000 (Unchanged)   ECX=0000002c (Unchanged)   EDX=00005658 (Unchanged)   

Backdoor Cmd(BDOOR_CMD_GETHZ) 
IN: ===> [ASM] IN DX, EAX ;--- DX=0x5658 (backdoor port) , EAX=0x0000002d (backdoor cmd)
OUT: EAX=564d5868 (Unchanged)   EBX=00000000 (Unchanged)   ECX=0000002d (Unchanged)   EDX=00005658 (Unchanged)   

Backdoor Cmd(BDOOR_CMD_GETTIMEFULL) 
IN: ===> [ASM] IN DX, EAX ;--- DX=0x5658 (backdoor port) , EAX=0x0000002e (backdoor cmd)
OUT: EAX=564d5868 (Unchanged)   EBX=000e4b98 (Changed)   ECX=000f4240 <==(Changed)   EDX=55516dcc <==Changed   

Backdoor Cmd((null)) 
IN: ===> [ASM] IN DX, EAX ;--- DX=0x5658 (backdoor port) , EAX=0x0000002f (backdoor cmd)
OUT: EAX=ffffffff (ERR)   EBX=00000000 (Unchanged)   ECX=0000002f (Unchanged)   EDX=00005658 (Unchanged)   

Backdoor Cmd(BDOOR_CMD_CHECKFORCEBIOSSETUP) 
IN: ===> [ASM] IN DX, EAX ;--- DX=0x5658 (backdoor port) , EAX=0x00000030 (backdoor cmd)
OUT: EAX=ffffffff (ERR)   EBX=00000000 (Unchanged)   ECX=00000030 (Unchanged)   EDX=00005658 (Unchanged)   

Backdoor Cmd(BDOOR_CMD_LAZYTIMEREMULATION) 
IN: ===> [ASM] IN DX, EAX ;--- DX=0x5658 (backdoor port) , EAX=0x00000031 (backdoor cmd)
OUT: EAX=564d5868 (Unchanged)   EBX=00000000 (Unchanged)   ECX=00000031 (Unchanged)   EDX=00005658 (Unchanged)   

Backdoor Cmd(BDOOR_CMD_BIOSBBS) 
IN: ===> [ASM] IN DX, EAX ;--- DX=0x5658 (backdoor port) , EAX=0x00000032 (backdoor cmd)
OUT: EAX=ffffffff (ERR)   EBX=00000000 (Unchanged)   ECX=00000032 (Unchanged)   EDX=00005658 (Unchanged)   

Backdoor Cmd((null)) 
IN: ===> [ASM] IN DX, EAX ;--- DX=0x5658 (backdoor port) , EAX=0x00000033 (backdoor cmd)
OUT: EAX=ffffffff (ERR)   EBX=00000000 (Unchanged)   ECX=00000033 (Unchanged)   EDX=00005658 (Unchanged)   

Backdoor Cmd(BDOOR_CMD_ISGOSDARWIN) 
IN: ===> [ASM] IN DX, EAX ;--- DX=0x5658 (backdoor port) , EAX=0x00000034 (backdoor cmd)
OUT: EAX=ffffffff (ERR)   EBX=00000000 (Unchanged)   ECX=00000034 (Unchanged)   EDX=00005658 (Unchanged)   

Backdoor Cmd(BDOOR_CMD_DEBUGEVENT) 
IN: ===> [ASM] IN DX, EAX ;--- DX=0x5658 (backdoor port) , EAX=0x00000035 (backdoor cmd)
OUT: EAX=ffffffff (ERR)   EBX=00000000 (Unchanged)   ECX=00000035 (Unchanged)   EDX=00005658 (Unchanged)   

Backdoor Cmd(BDOOR_CMD_OSNOTMACOSXSERVER) 
IN: ===> [ASM] IN DX, EAX ;--- DX=0x5658 (backdoor port) , EAX=0x00000036 (backdoor cmd)
OUT: EAX=ffffffff (ERR)   EBX=00000000 (Unchanged)   ECX=00000036 (Unchanged)   EDX=00005658 (Unchanged)   

Backdoor Cmd(BDOOR_CMD_GETTIMEFULL_WITH_LAG) 
IN: ===> [ASM] IN DX, EAX ;--- DX=0x5658 (backdoor port) , EAX=0x00000037 (backdoor cmd)
OUT: EAX=564d5868 (Unchanged)   EBX=000e67d7 (Changed)   ECX=000f4240 <==(Changed)   EDX=55516dcc <==Changed   

Backdoor Cmd(BDOOR_CMD_ACPI_HOTPLUG_DEVICE) 
IN: ===> [ASM] IN DX, EAX ;--- DX=0x5658 (backdoor port) , EAX=0x00000038 (backdoor cmd)
OUT: EAX=ffffffff (ERR)   EBX=00000000 (Unchanged)   ECX=00000038 (Unchanged)   EDX=00005658 (Unchanged)   

Backdoor Cmd(BDOOR_CMD_ACPI_HOTPLUG_MEMORY) 
IN: ===> [ASM] IN DX, EAX ;--- DX=0x5658 (backdoor port) , EAX=0x00000039 (backdoor cmd)
OUT: EAX=ffffffff (ERR)   EBX=00000000 (Unchanged)   ECX=00000039 (Unchanged)   EDX=00005658 (Unchanged)   

Backdoor Cmd(BDOOR_CMD_ACPI_HOTPLUG_CBRET) 
IN: ===> [ASM] IN DX, EAX ;--- DX=0x5658 (backdoor port) , EAX=0x0000003a (backdoor cmd)
OUT: EAX=ffffffff (ERR)   EBX=00000000 (Unchanged)   ECX=0000003a (Unchanged)   EDX=00005658 (Unchanged)   

Backdoor Cmd((null)) 
IN: ===> [ASM] IN DX, EAX ;--- DX=0x5658 (backdoor port) , EAX=0x0000003b (backdoor cmd)
OUT: EAX=ffffffff (ERR)   EBX=00000000 (Unchanged)   ECX=0000003b (Unchanged)   EDX=00005658 (Unchanged)   

Backdoor Cmd(BDOOR_CMD_ACPI_HOTPLUG_CPU) 
IN: ===> [ASM] IN DX, EAX ;--- DX=0x5658 (backdoor port) , EAX=0x0000003c (backdoor cmd)
OUT: EAX=ffffffff (ERR)   EBX=00000000 (Unchanged)   ECX=0000003c (Unchanged)   EDX=00005658 (Unchanged)   

Backdoor Cmd((null)) 
IN: ===> [ASM] IN DX, EAX ;--- DX=0x5658 (backdoor port) , EAX=0x0000003d (backdoor cmd)
OUT: EAX=ffffffff (ERR)   EBX=00000000 (Unchanged)   ECX=0000003d (Unchanged)   EDX=00005658 (Unchanged)   

Backdoor Cmd(BDOOR_CMD_XPMODE) 
IN: ===> [ASM] IN DX, EAX ;--- DX=0x5658 (backdoor port) , EAX=0x0000003e (backdoor cmd)
OUT: EAX=ffffffff (ERR)   EBX=00000000 (Unchanged)   ECX=0000003e (Unchanged)   EDX=00005658 (Unchanged)   

Backdoor Cmd(BDOOR_CMD_NESTING_CONTROL) 
IN: ===> [ASM] IN DX, EAX ;--- DX=0x5658 (backdoor port) , EAX=0x0000003f (backdoor cmd)
OUT: EAX=ffffffff (ERR)   EBX=00000000 (Unchanged)   ECX=0000003f (Unchanged)   EDX=00005658 (Unchanged)   

Backdoor Cmd(BDOOR_CMD_FIRMWARE_INIT) 
IN: ===> [ASM] IN DX, EAX ;--- DX=0x5658 (backdoor port) , EAX=0x00000040 (backdoor cmd)
OUT: EAX=ffffffff (ERR)   EBX=00000000 (Unchanged)   ECX=00000040 (Unchanged)   EDX=00005658 (Unchanged)   

Backdoor Cmd(BDOOR_CMD_FIRMWARE_ACPI_SERVICES) 
IN: ===> [ASM] IN DX, EAX ;--- DX=0x5658 (backdoor port) , EAX=0x00000041 (backdoor cmd)
OUT: EAX=ffffffff (ERR)   EBX=00000000 (Unchanged)   ECX=00000041 (Unchanged)   EDX=00005658 (Unchanged)   

Backdoor Cmd(BDOOR_CMD_SENDPSHAREHINTS) 
IN: ===> [ASM] IN DX, EAX ;--- DX=0x5658 (backdoor port) , EAX=0x00000042 (backdoor cmd)
OUT: EAX=ffffffff (ERR)   EBX=00000000 (Unchanged)   ECX=00000042 (Unchanged)   EDX=00005658 (Unchanged)   

Backdoor Cmd(BDOOR_CMD_ENABLE_USB_MOUSE) 
IN: ===> [ASM] IN DX, EAX ;--- DX=0x5658 (backdoor port) , EAX=0x00000043 (backdoor cmd)
OUT: EAX=ffffffff (ERR)   EBX=00000000 (Unchanged)   ECX=00000043 (Unchanged)   EDX=00005658 (Unchanged)   

Backdoor Cmd(BDOOR_CMD_GET_VCPU_INFO) 
IN: ===> [ASM] IN DX, EAX ;--- DX=0x5658 (backdoor port) , EAX=0x00000044 (backdoor cmd)
OUT: EAX=00000002 (OK)   EBX=00000000 (Unchanged)   ECX=00000044 (Unchanged)   EDX=00005658 (Unchanged)   

Backdoor Cmd(BDOOR_CMD_EFI_SERIALCON_CONFIG) 
IN: ===> [ASM] IN DX, EAX ;--- DX=0x5658 (backdoor port) , EAX=0x00000045 (backdoor cmd)
OUT: EAX=ffffffff (ERR)   EBX=00000000 (Unchanged)   ECX=00000045 (Unchanged)   EDX=00005658 (Unchanged)   

Backdoor Cmd(BDOOR_CMD_BUG328986) 
IN: ===> [ASM] IN DX, EAX ;--- DX=0x5658 (backdoor port) , EAX=0x00000046 (backdoor cmd)
OUT: EAX=ffffffff (ERR)   EBX=00000000 (Unchanged)   ECX=00000046 (Unchanged)   EDX=00005658 (Unchanged)   

Backdoor Cmd(BDOOR_CMD_FIRMWARE_ERROR) 
IN: ===> [ASM] IN DX, EAX ;--- DX=0x5658 (backdoor port) , EAX=0x00000047 (backdoor cmd)
OUT: EAX=ffffffff (ERR)   EBX=00000000 (Unchanged)   ECX=00000047 (Unchanged)   EDX=00005658 (Unchanged)   

Backdoor Cmd(BDOOR_CMD_VMK_INFO) 
IN: ===> [ASM] IN DX, EAX ;--- DX=0x5658 (backdoor port) , EAX=0x00000048 (backdoor cmd)
OUT: EAX=ffffffff (ERR)   EBX=00000000 (Unchanged)   ECX=00000048 (Unchanged)   EDX=00005658 (Unchanged)   

Backdoor Cmd(BDOOR_CMD_EFI_BOOT_CONFIG) 
IN: ===> [ASM] IN DX, EAX ;--- DX=0x5658 (backdoor port) , EAX=0x00000049 (backdoor cmd)
OUT: EAX=ffffffff (ERR)   EBX=00000000 (Unchanged)   ECX=00000049 (Unchanged)   EDX=00005658 (Unchanged)   

Backdoor Cmd(BDOOR_CMD_GET_HW_MODEL) 
IN: ===> [ASM] IN DX, EAX ;--- DX=0x5658 (backdoor port) , EAX=0x0000004a (backdoor cmd)
OUT: EAX=ffffffff (ERR)   EBX=00000000 (Unchanged)   ECX=0000004a (Unchanged)   EDX=00005658 (Unchanged)   

Backdoor Cmd(BDOOR_CMD_GET_SVGA_CAPABILITIES) 
IN: ===> [ASM] IN DX, EAX ;--- DX=0x5658 (backdoor port) , EAX=0x0000004b (backdoor cmd)
OUT: EAX=ffffffff (ERR)   EBX=00000000 (Unchanged)   ECX=0000004b (Unchanged)   EDX=00005658 (Unchanged)   

Backdoor Cmd((null)) 
IN: ===> [ASM] IN DX, EAX ;--- DX=0x5658 (backdoor port) , EAX=0x0000004c (backdoor cmd)
OUT: EAX=ffffffff (ERR)   EBX=00000000 (Unchanged)   ECX=0000004c (Unchanged)   EDX=00005658 (Unchanged)   

Backdoor Cmd(BDOOR_CMD_SET_PCI_HOLE) 
IN: ===> [ASM] IN DX, EAX ;--- DX=0x5658 (backdoor port) , EAX=0x0000004d (backdoor cmd)
OUT: EAX=ffffffff (ERR)   EBX=00000000 (Unchanged)   ECX=0000004d (Unchanged)   EDX=00005658 (Unchanged)   

Backdoor Cmd(BDOOR_CMD_GET_PCI_HOLE) 
IN: ===> [ASM] IN DX, EAX ;--- DX=0x5658 (backdoor port) , EAX=0x0000004e (backdoor cmd)
OUT: EAX=ffffffff (ERR)   EBX=00000000 (Unchanged)   ECX=0000004e (Unchanged)   EDX=00005658 (Unchanged)   

Backdoor Cmd(BDOOR_CMD_GET_PCI_BAR) 
IN: ===> [ASM] IN DX, EAX ;--- DX=0x5658 (backdoor port) , EAX=0x0000004f (backdoor cmd)
OUT: EAX=ffffffff (ERR)   EBX=00000000 (Unchanged)   ECX=0000004f (Unchanged)   EDX=00005658 (Unchanged)   

Backdoor Cmd(BDOOR_CMD_SHOULD_GENERATE_SYSTEMID) 
IN: ===> [ASM] IN DX, EAX ;--- DX=0x5658 (backdoor port) , EAX=0x00000050 (backdoor cmd)
OUT: EAX=ffffffff (ERR)   EBX=00000000 (Unchanged)   ECX=00000050 (Unchanged)   EDX=00005658 (Unchanged)   

Backdoor Cmd(BDOOR_CMD_READ_DEBUG_FILE) 
IN: ===> [ASM] IN DX, EAX ;--- DX=0x5658 (backdoor port) , EAX=0x00000051 (backdoor cmd)
OUT: EAX=ffffffff (ERR)   EBX=00000000 (Unchanged)   ECX=00000051 (Unchanged)   EDX=00005658 (Unchanged)   

Backdoor Cmd(BDOOR_CMD_SCREENSHOT) 
IN: ===> [ASM] IN DX, EAX ;--- DX=0x5658 (backdoor port) , EAX=0x00000052 (backdoor cmd)
OUT: EAX=ffffffff (ERR)   EBX=00000000 (Unchanged)   ECX=00000052 (Unchanged)   EDX=00005658 (Unchanged)   

Backdoor Cmd(BDOOR_CMD_INJECT_KEY) 
IN: ===> [ASM] IN DX, EAX ;--- DX=0x5658 (backdoor port) , EAX=0x00000053 (backdoor cmd)
OUT: EAX=ffffffff (ERR)   EBX=00000000 (Unchanged)   ECX=00000053 (Unchanged)   EDX=00005658 (Unchanged)   

Backdoor Cmd(BDOOR_CMD_INJECT_MOUSE) 
IN: ===> [ASM] IN DX, EAX ;--- DX=0x5658 (backdoor port) , EAX=0x00000054 (backdoor cmd)
OUT: EAX=ffffffff (ERR)   EBX=00000000 (Unchanged)   ECX=00000054 (Unchanged)   EDX=00005658 (Unchanged)   

Backdoor Cmd(BDOOR_CMD_MKS_GUEST_STATS) 
IN: ===> [ASM] IN DX, EAX ;--- DX=0x5658 (backdoor port) , EAX=0x00000055 (backdoor cmd)
OUT: EAX=ffffffff (ERR)   EBX=00000000 (Unchanged)   ECX=00000055 (Unchanged)   EDX=00005658 (Unchanged)   

Backdoor Cmd(BDOOR_CMD_ABSPOINTER_RESTRICT) 
IN: ===> [ASM] IN DX, EAX ;--- DX=0x5658 (backdoor port) , EAX=0x00000056 (backdoor cmd)
OUT: EAX=ffffffff (ERR)   EBX=00000000 (Unchanged)   ECX=00000056 (Unchanged)   EDX=00005658 (Unchanged)   

Backdoor Cmd(BDOOR_CMD_GUESTINTEGRITY) 
IN: ===> [ASM] IN DX, EAX ;--- DX=0x5658 (backdoor port) , EAX=0x00000057 (backdoor cmd)
OUT: EAX=ffffffff (ERR)   EBX=00000000 (Unchanged)   ECX=00000057 (Unchanged)   EDX=00005658 (Unchanged)   

Backdoor Cmd(BDOOR_CMD_MKSSTATS_SNAPSHOT) 
IN: ===> [ASM] IN DX, EAX ;--- DX=0x5658 (backdoor port) , EAX=0x00000058 (backdoor cmd)
OUT: EAX=ffffffff (ERR)   EBX=00000000 (Unchanged)   ECX=00000058 (Unchanged)   EDX=00005658 (Unchanged)   


@@@@@ End (Backdump_Dump all backdoor commands) <<<<<

@@@@@ Backdump_Dump Hypervisor Nesting Related Commands
@@@@@ 


Backdoor Command(NestingSupported - BDOOR_CMD_NESTING_CONTROL) --- IN: 
IN: ===> [ASM] IN DX, EAX ;--- DX=0x5658 (backdoor port) , EAX=0x0002003f (backdoor cmd)
OUT:   EAX=00000002   EBX=00000002   ECX=00000002   EDX=00000002   
Nesting supported=1

Backdoor Command(NestingControl - BDOOR_CMD_NESTING_CONTROL) --- IN: 
IN: ===> [ASM] IN DX, EAX ;--- DX=0x5658 (backdoor port) , EAX=0x0000003f (backdoor cmd)
OUT:   EAX=ffffffff   EBX=ffffffff   ECX=ffffffff   EDX=ffffffff   

Backdoor Command(NestingControl - BDOOR_CMD_NESTING_CONTROL) --- IN: 
IN: ===> [ASM] IN DX, EAX ;--- DX=0x5658 (backdoor port) , EAX=0x0001003f (backdoor cmd)
OUT:   EAX=ffffffff   EBX=ffffffff   ECX=ffffffff   EDX=ffffffff   

Backdoor Command(NestingControl - BDOOR_CMD_NESTING_CONTROL) --- IN: 
IN: ===> [ASM] IN DX, EAX ;--- DX=0x5658 (backdoor port) , EAX=0x0002003f (backdoor cmd)
OUT:   EAX=00000002   EBX=00000002   ECX=00000002   EDX=00000002   

VCPUInfoBackdoor

IN: ===> [ASM] IN DX, EAX ;--- DX=0x5658 (backdoor port) , EAX=0x00000044 (backdoor cmd)
OUT:   EAX=00000002   EBX=00000002   ECX=00000002   EDX=00000002   
BDOOR_CMD_VCPU_SYNC_VTSCS supported
BDOOR_CMD_VCPU_RESERVED=001f
(1 << BDOOR_CMD_VCPU_RESERVED)=80000000
(1 << bit)=0004
NestedHVReplaySupported supported=0

Backdoor Cmd(BDOOR_CMD_SIDT) 
IN: ===> [ASM] IN DX, EAX ;--- DX=0x5658 (backdoor port) , EAX=0x0000001f (backdoor cmd)
OUT: EAX=ff574000 (OK)   EBX=564d5868 (Changed)   ECX=00000fff <==(Changed)   EDX=00005658 (Unchanged)   

Backdoor Cmd(BDOOR_CMD_SGDT) 
IN: ===> [ASM] IN DX, EAX ;--- DX=0x5658 (backdoor port) , EAX=0x00000020 (backdoor cmd)
OUT: EAX=3fc09000 (OK)   EBX=564d5868 (Changed)   ECX=0000007f <==(Changed)   EDX=00005658 (Unchanged)   

Backdoor Cmd(BDOOR_CMD_SLDT_STR) 
IN: ===> [ASM] IN DX, EAX ;--- DX=0x5658 (backdoor port) , EAX=0x00000021 (backdoor cmd)
OUT: EAX=00000000 (OK)   EBX=564d5868 (Changed)   ECX=00000040 <==(Changed)   EDX=00005658 (Unchanged)   

Backdoor Cmd(BDOOR_CMD_ISACPIDISABLED) 
IN: ===> [ASM] IN DX, EAX ;--- DX=0x5658 (backdoor port) , EAX=0x00000022 (backdoor cmd)
OUT: EAX=00000000 (OK)   EBX=00000000 (Unchanged)   ECX=00000022 (Unchanged)   EDX=00005658 (Unchanged)   

Backdoor Cmd(BDOOR_CMD_ABSPOINTER_DATA) 
IN: ===> [ASM] IN DX, EAX ;--- DX=0x5658 (backdoor port) , EAX=0x00000027 (backdoor cmd)
OUT: EAX=ffffffff (ERR)   EBX=00000000 (Unchanged)   ECX=00000027 (Unchanged)   EDX=00005658 (Unchanged)   

Backdoor Cmd(BDOOR_CMD_ABSPOINTER_STATUS) 
IN: ===> [ASM] IN DX, EAX ;--- DX=0x5658 (backdoor port) , EAX=0x00000028 (backdoor cmd)
OUT: EAX=00000000 (OK)   EBX=00000000 (Unchanged)   ECX=00000028 (Unchanged)   EDX=00005658 (Unchanged)   

Backdoor Cmd(BDOOR_CMD_ABSPOINTER_COMMAND) 
IN: ===> [ASM] IN DX, EAX ;--- DX=0x5658 (backdoor port) , EAX=0x00000029 (backdoor cmd)
OUT: EAX=00000001 (OK)   EBX=00000000 (Unchanged)   ECX=00000029 (Unchanged)   EDX=00005658 (Unchanged)   

Backdoor Cmd(BDOOR_CMD_GETHZ) 
IN: ===> [ASM] IN DX, EAX ;--- DX=0x5658 (backdoor port) , EAX=0x0000002d (backdoor cmd)
OUT: EAX=564d5868 (Unchanged)   EBX=00000000 (Unchanged)   ECX=0000002d (Unchanged)   EDX=00005658 (Unchanged)   

Backdoor Cmd(BDOOR_CMD_GETTIMEFULL) 
IN: ===> [ASM] IN DX, EAX ;--- DX=0x5658 (backdoor port) , EAX=0x0000002e (backdoor cmd)
OUT: EAX=564d5868 (Unchanged)   EBX=000ebdfb (Changed)   ECX=000f4240 <==(Changed)   EDX=55516dcc <==Changed   

Backdoor Cmd(BDOOR_CMD_ISGOSDARWIN) 
IN: ===> [ASM] IN DX, EAX ;--- DX=0x5658 (backdoor port) , EAX=0x00000034 (backdoor cmd)
OUT: EAX=ffffffff (ERR)   EBX=00000000 (Unchanged)   ECX=00000034 (Unchanged)   EDX=00005658 (Unchanged)   

Backdoor Cmd(BDOOR_CMD_DEBUGEVENT) 
IN: ===> [ASM] IN DX, EAX ;--- DX=0x5658 (backdoor port) , EAX=0x00000035 (backdoor cmd)
OUT: EAX=ffffffff (ERR)   EBX=00000000 (Unchanged)   ECX=00000035 (Unchanged)   EDX=00005658 (Unchanged)   

Backdoor Cmd(BDOOR_CMD_GETTIMEFULL_WITH_LAG) 
IN: ===> [ASM] IN DX, EAX ;--- DX=0x5658 (backdoor port) , EAX=0x00000037 (backdoor cmd)
OUT: EAX=564d5868 (Unchanged)   EBX=000ec0ca (Changed)   ECX=000f4240 <==(Changed)   EDX=55516dcc <==Changed   

Backdoor Cmd(BDOOR_CMD_ENABLE_USB_MOUSE) 
IN: ===> [ASM] IN DX, EAX ;--- DX=0x5658 (backdoor port) , EAX=0x00000043 (backdoor cmd)
OUT: EAX=ffffffff (ERR)   EBX=00000000 (Unchanged)   ECX=00000043 (Unchanged)   EDX=00005658 (Unchanged)   

Backdoor Cmd(BDOOR_CMD_VMK_INFO) 
IN: ===> [ASM] IN DX, EAX ;--- DX=0x5658 (backdoor port) , EAX=0x00000048 (backdoor cmd)
OUT: EAX=ffffffff (ERR)   EBX=00000000 (Unchanged)   ECX=00000048 (Unchanged)   EDX=00005658 (Unchanged)   

Backdoor Cmd(BDOOR_CMD_ABSPOINTER_RESTRICT) 
IN: ===> [ASM] IN DX, EAX ;--- DX=0x5658 (backdoor port) , EAX=0x00000056 (backdoor cmd)
OUT: EAX=ffffffff (ERR)   EBX=00000000 (Unchanged)   ECX=00000056 (Unchanged)   EDX=00005658 (Unchanged)   

Backdoor Cmd(BDOOR_CMD_GUESTINTEGRITY) 
IN: ===> [ASM] IN DX, EAX ;--- DX=0x5658 (backdoor port) , EAX=0x00000057 (backdoor cmd)
OUT: EAX=ffffffff (ERR)   EBX=00000000 (Unchanged)   ECX=00000057 (Unchanged)   EDX=00005658 (Unchanged)   


@@@@@<<<<<


---X---X---X---X---X---X---X---X---X---

#### VM local networks [["192.168.189.147", "192.168.189.255", "255.255.255.0"]] 
#### local network address=192.168.189.255 mask=255.255.255.0
#### local network mask 192.168.189.0/24
#### VM network basic scan:
#### network mask: 192.168.189.0/24
#### --- scanning for interesting services:

Starting Nmap 6.49BETA4 ( https://nmap.org ) at 2015-05-12 03:04 UTC
Nmap scan report for 192.168.189.1
Host is up (0.0012s latency).
PORT    STATE    SERVICE         VERSION
53/tcp  filtered domain
80/tcp  filtered http
443/tcp filtered https
902/tcp open     ssl/vmware-auth VMware Authentication Daemon 1.10 (Uses VNC, SOAP)
912/tcp open     vmware-auth     VMware Authentication Daemon 1.0 (Uses VNC, SOAP)
MAC Address: 00:50:56:C0:00:08 (VMware)

Nmap scan report for 192.168.189.2
Host is up (0.0013s latency).
PORT    STATE  SERVICE        VERSION
53/tcp  open   domain         dnsmasq 2.51
MAC Address: 00:50:56:FC:0D:DF (VMware)

Nmap scan report for 192.168.189.128
Host is up (0.0014s latency).
PORT    STATE  SERVICE        VERSION
MAC Address: 00:0C:29:3A:80:A1 (VMware)

Nmap scan report for 192.168.189.134
Host is up (-0.068s latency).
PORT    STATE    SERVICE         VERSION
53/tcp  filtered domain
80/tcp  open     http            VMware ESXi Server httpd
443/tcp open     ssl/http        VMware ESXi Server httpd
902/tcp open     ssl/vmware-auth VMware Authentication Daemon 1.10 (Uses VNC, SOAP)
912/tcp filtered apex-mesh
MAC Address: 00:0C:29:BD:16:1F (VMware)
Service Info: Host: localhost.localdomain; CPE: cpe:/o:vmware:esxi

Nmap scan report for 192.168.189.254
Host is up (-0.10s latency).
PORT    STATE    SERVICE        VERSION
53/tcp  filtered domain
80/tcp  filtered http
443/tcp filtered https
902/tcp filtered iss-realsecure
912/tcp filtered apex-mesh
MAC Address: 00:50:56:E8:45:2F (VMware)

Nmap scan report for 192.168.189.147
Host is up (0.00015s latency).
PORT    STATE  SERVICE        VERSION

Service detection performed. Please report any incorrect results at https://nmap.org/submit/ .
Nmap done: 256 IP addresses (6 hosts up) scanned in 18.49 seconds
#### --- output=
Starting Nmap 6.49BETA4 ( https://nmap.org ) at 2015-05-12 03:04 UTC
Nmap scan report for 192.168.189.1
Host is up (0.0012s latency).
PORT    STATE    SERVICE         VERSION
53/tcp  filtered domain
80/tcp  filtered http
443/tcp filtered https
902/tcp open     ssl/vmware-auth VMware Authentication Daemon 1.10 (Uses VNC, SOAP)
912/tcp open     vmware-auth     VMware Authentication Daemon 1.0 (Uses VNC, SOAP)
MAC Address: 00:50:56:C0:00:08 (VMware)

Nmap scan report for 192.168.189.2
Host is up (0.0013s latency).
PORT    STATE  SERVICE        VERSION
53/tcp  open   domain         dnsmasq 2.51
MAC Address: 00:50:56:FC:0D:DF (VMware)

Nmap scan report for 192.168.189.128
Host is up (0.0014s latency).
PORT    STATE  SERVICE        VERSION
MAC Address: 00:0C:29:3A:80:A1 (VMware)

Nmap scan report for 192.168.189.134
Host is up (-0.068s latency).
PORT    STATE    SERVICE         VERSION
53/tcp  filtered domain
80/tcp  open     http            VMware ESXi Server httpd
443/tcp open     ssl/http        VMware ESXi Server httpd
902/tcp open     ssl/vmware-auth VMware Authentication Daemon 1.10 (Uses VNC, SOAP)
912/tcp filtered apex-mesh
MAC Address: 00:0C:29:BD:16:1F (VMware)
Service Info: Host: localhost.localdomain; CPE: cpe:/o:vmware:esxi

Nmap scan report for 192.168.189.254
Host is up (-0.10s latency).
PORT    STATE    SERVICE        VERSION
53/tcp  filtered domain
80/tcp  filtered http
443/tcp filtered https
902/tcp filtered iss-realsecure
912/tcp filtered apex-mesh
MAC Address: 00:50:56:E8:45:2F (VMware)

Nmap scan report for 192.168.189.147
Host is up (0.00015s latency).
PORT    STATE  SERVICE        VERSION

Service detection performed. Please report any incorrect results at https://nmap.org/submit/ .
Nmap done: 256 IP addresses (6 hosts up) scanned in 18.49 seconds

#### --- candidates=[["192.168.189.1", "\nHost is up (0.0012s latency).\nPORT    STATE    SERVICE         VERSION\n53/tcp  filtered domain\n80/tcp  filtered http\n443/tcp filtered https\n902/tcp open     ssl/vmware-auth VMware Authentication Daemon 1.10 (Uses VNC, SOAP)\n912/tcp open     vmware-auth     VMware Authentication Daemon 1.0 (Uses VNC, SOAP)\nMAC Address: 00:50:56:C0:00:08 "], ["192.168.189.2", "\nHost is up (0.0013s latency).\nPORT    STATE  SERVICE        VERSION\n53/tcp  open   domain         dnsmasq 2.51\nMAC Address: 00:50:56:FC:0D:DF "], ["192.168.189.128", "\nHost is up (0.0014s latency).\nPORT    STATE  SERVICE        VERSION\nMAC Address: 00:0C:29:3A:80:A1 "], ["192.168.189.134", "\nHost is up (-0.068s latency).\nPORT    STATE    SERVICE         VERSION\n53/tcp  filtered domain\n80/tcp  open     http            VMware ESXi Server httpd\n443/tcp open     ssl/http        VMware ESXi Server httpd\n902/tcp open     ssl/vmware-auth VMware Authentication Daemon 1.10 (Uses VNC, SOAP)\n912/tcp filtered apex-mesh\nMAC Address: 00:0C:29:BD:16:1F "], ["192.168.189.254", "\nHost is up (-0.10s latency).\nPORT    STATE    SERVICE        VERSION\n53/tcp  filtered domain\n80/tcp  filtered http\n443/tcp filtered https\n902/tcp filtered iss-realsecure\n912/tcp filtered apex-mesh\nMAC Address: 00:50:56:E8:45:2F "]]
#### host address=192.168.189.1 

 signature=
Host is up (0.0012s latency).
PORT    STATE    SERVICE         VERSION
53/tcp  filtered domain
80/tcp  filtered http
443/tcp filtered https
902/tcp open     ssl/vmware-auth VMware Authentication Daemon 1.10 (Uses VNC, SOAP)
912/tcp open     vmware-auth     VMware Authentication Daemon 1.0 (Uses VNC, SOAP)
MAC Address: 00:50:56:C0:00:08 
#### host address=192.168.189.2 

 signature=
Host is up (0.0013s latency).
PORT    STATE  SERVICE        VERSION
53/tcp  open   domain         dnsmasq 2.51
MAC Address: 00:50:56:FC:0D:DF 
#### host address=192.168.189.128 

 signature=
Host is up (0.0014s latency).
PORT    STATE  SERVICE        VERSION
MAC Address: 00:0C:29:3A:80:A1 
#### VMware virtual machine at IP=["192.168.189.128", "\nHost is up (0.0014s latency).\nPORT    STATE  SERVICE        VERSION\nMAC Address: 00:0C:29:3A:80:A1 "]

#### host address=192.168.189.134 

 signature=
Host is up (-0.068s latency).
PORT    STATE    SERVICE         VERSION
53/tcp  filtered domain
80/tcp  open     http            VMware ESXi Server httpd
443/tcp open     ssl/http        VMware ESXi Server httpd
902/tcp open     ssl/vmware-auth VMware Authentication Daemon 1.10 (Uses VNC, SOAP)
912/tcp filtered apex-mesh
MAC Address: 00:0C:29:BD:16:1F 
#### host address=192.168.189.254 

 signature=
Host is up (-0.10s latency).
PORT    STATE    SERVICE        VERSION
53/tcp  filtered domain
80/tcp  filtered http
443/tcp filtered https
902/tcp filtered iss-realsecure
912/tcp filtered apex-mesh
MAC Address: 00:50:56:E8:45:2F 

---X---X---X---X---X---X---X---X---X---

#### VMware Player hypervisor at IP=192.168.189.1

#### OS scan for IP=192.168.189.1


Starting Nmap 6.49BETA4 ( https://nmap.org ) at 2015-05-12 03:05 UTC
Initiating ARP Ping Scan at 03:05
Scanning 192.168.189.1 [1 port]
Completed ARP Ping Scan at 03:05, 0.20s elapsed (1 total hosts)
Initiating Parallel DNS resolution of 1 host. at 03:05
Completed Parallel DNS resolution of 1 host. at 03:05, 0.01s elapsed
Initiating SYN Stealth Scan at 03:05
Scanning 192.168.189.1 [5 ports]
Discovered open port 912/tcp on 192.168.189.1
Discovered open port 902/tcp on 192.168.189.1
Completed SYN Stealth Scan at 03:05, 1.21s elapsed (5 total ports)
Initiating UDP Scan at 03:05
Scanning 192.168.189.1 [5 ports]
Completed UDP Scan at 03:05, 1.23s elapsed (5 total ports)
Initiating OS detection (try #1) against 192.168.189.1
Nmap scan report for 192.168.189.1
Host is up, received arp-response (0.0012s latency).
Scanned at 2015-05-12 03:05:04 UTC for 4s
PORT     STATE         SERVICE        REASON
80/tcp   filtered      http           no-response
443/tcp  filtered      https          no-response
902/tcp  open          iss-realsecure syn-ack ttl 128
912/tcp  open          apex-mesh      syn-ack ttl 128
8080/tcp filtered      http-proxy     no-response
80/udp   open|filtered http           no-response
443/udp  open|filtered https          no-response
902/udp  open|filtered ideafarm-door  no-response
912/udp  open|filtered unknown        no-response
8080/udp open|filtered unknown        no-response
MAC Address: 00:50:56:C0:00:08 (VMware)
Warning: OSScan results may be unreliable because we could not find at least 1 open and 1 closed port
Device type: general purpose|phone
Running: Microsoft Windows 2008|7|Phone|Vista
OS CPE: cpe:/o:microsoft:windows_server_2008:r2 cpe:/o:microsoft:windows_7::-:professional cpe:/o:microsoft:windows_8 cpe:/o:microsoft:windows cpe:/o:microsoft:windows_vista::- cpe:/o:microsoft:windows_vista::sp1
OS details: Windows Server 2008 R2, Microsoft Windows 7 Professional or Windows 8, Microsoft Windows Phone 7.5 or 8.0, Microsoft Windows Vista SP0 or SP1, Windows Server 2008 SP1, or Windows 7, Microsoft Windows Vista SP2, Windows 7 SP1, or Windows Server 2008
TCP/IP fingerprint:
OS:SCAN(V=6.49BETA4%E=4%D=5/12%OT=902%CT=%CU=%PV=Y%DS=1%DC=D%G=N%M=005056%T
OS:M=55516DE5%P=x86_64-pc-linux-gnu)SEQ(SP=105%GCD=1%ISR=10B%TI=I%II=I%SS=S
OS:%TS=7)OPS(O1=M5B4NW8ST11%O2=M5B4NW8ST11%O3=M5B4NW8NNT11%O4=M5B4NW8ST11%O
OS:5=M5B4NW8ST11%O6=M5B4ST11)WIN(W1=2000%W2=2000%W3=2000%W4=2000%W5=2000%W6
OS:=2000)ECN(R=Y%DF=Y%TG=80%W=2000%O=M5B4NW8NNS%CC=N%Q=)T1(R=Y%DF=Y%TG=80%S
OS:=O%A=S+%F=AS%RD=0%Q=)T2(R=N)T3(R=N)T4(R=N)U1(R=N)IE(R=Y%DFI=N%TG=80%CD=Z
OS:)

Uptime guess: 30.320 days (since Sat Apr 11 19:24:10 2015)
Network Distance: 1 hop
TCP Sequence Prediction: Difficulty=261 (Good luck!)
IP ID Sequence Generation: Incremental

Read data files from: /usr/bin/../share/nmap
OS detection performed. Please report any incorrect results at https://nmap.org/submit/ .
Nmap done: 1 IP address (1 host up) scanned in 5.73 seconds
           Raw packets sent: 63 (4.656KB) | Rcvd: 19 (1.230KB)
#### VMware network device at IP=192.168.189.254

#### OS scan for IP=192.168.189.254


Starting Nmap 6.49BETA4 ( https://nmap.org ) at 2015-05-12 03:05 UTC
Initiating ARP Ping Scan at 03:05
Scanning 192.168.189.254 [1 port]
Completed ARP Ping Scan at 03:05, 0.20s elapsed (1 total hosts)
Initiating Parallel DNS resolution of 1 host. at 03:05
Completed Parallel DNS resolution of 1 host. at 03:05, 0.01s elapsed
Initiating SYN Stealth Scan at 03:05
Scanning 192.168.189.254 [5 ports]
Completed SYN Stealth Scan at 03:05, 1.21s elapsed (5 total ports)
Initiating UDP Scan at 03:05
Scanning 192.168.189.254 [5 ports]
Completed UDP Scan at 03:05, 1.22s elapsed (5 total ports)
Initiating OS detection (try #1) against 192.168.189.254
Retrying OS detection (try #2) against 192.168.189.254
Nmap scan report for 192.168.189.254
Host is up, received arp-response (0.00067s latency).
Scanned at 2015-05-12 03:05:10 UTC for 5s
PORT     STATE         SERVICE        REASON
80/tcp   filtered      http           no-response
443/tcp  filtered      https          no-response
902/tcp  filtered      iss-realsecure no-response
912/tcp  filtered      apex-mesh      no-response
8080/tcp filtered      http-proxy     no-response
80/udp   open|filtered http           no-response
443/udp  open|filtered https          no-response
902/udp  open|filtered ideafarm-door  no-response
912/udp  open|filtered unknown        no-response
8080/udp open|filtered unknown        no-response
MAC Address: 00:50:56:E8:45:2F (VMware)
Too many fingerprints match this host to give specific OS details
TCP/IP fingerprint:
SCAN(V=6.49BETA4%E=4%D=5/12%OT=%CT=%CU=%PV=Y%DS=1%DC=D%G=N%M=005056%TM=55516DEB%P=x86_64-pc-linux-gnu)
U1(R=N)
IE(R=N)

Network Distance: 1 hop

Read data files from: /usr/bin/../share/nmap
OS detection performed. Please report any incorrect results at https://nmap.org/submit/ .
Nmap done: 1 IP address (1 host up) scanned in 5.99 seconds
           Raw packets sent: 69 (7.554KB) | Rcvd: 1 (28B)
#### DNS services scan for IP=192.168.189.254


Starting Nmap 6.49BETA4 ( https://nmap.org ) at 2015-05-12 03:05 UTC
Nmap scan report for 192.168.189.254
Host is up (0.00098s latency).
PORT   STATE    SERVICE VERSION
53/tcp filtered domain
MAC Address: 00:50:56:E8:45:2F (VMware)

Service detection performed. Please report any incorrect results at https://nmap.org/submit/ .
Nmap done: 1 IP address (1 host up) scanned in 1.57 seconds
#### VMware network device at IP=192.168.189.2

#### OS scan for IP=192.168.189.2


Starting Nmap 6.49BETA4 ( https://nmap.org ) at 2015-05-12 03:05 UTC
Initiating ARP Ping Scan at 03:05
Scanning 192.168.189.2 [1 port]
Completed ARP Ping Scan at 03:05, 0.20s elapsed (1 total hosts)
Initiating Parallel DNS resolution of 1 host. at 03:05
Completed Parallel DNS resolution of 1 host. at 03:05, 0.01s elapsed
Initiating SYN Stealth Scan at 03:05
Scanning 192.168.189.2 [5 ports]
Completed SYN Stealth Scan at 03:05, 0.20s elapsed (5 total ports)
Initiating UDP Scan at 03:05
Scanning 192.168.189.2 [5 ports]
Completed UDP Scan at 03:05, 1.21s elapsed (5 total ports)
Initiating OS detection (try #1) against 192.168.189.2
Retrying OS detection (try #2) against 192.168.189.2
Nmap scan report for 192.168.189.2
Host is up, received arp-response (0.00084s latency).
Scanned at 2015-05-12 03:05:17 UTC for 4s
PORT     STATE         SERVICE        REASON
80/tcp   closed        http           reset ttl 128
443/tcp  closed        https          reset ttl 128
902/tcp  closed        iss-realsecure reset ttl 128
912/tcp  closed        apex-mesh      reset ttl 128
8080/tcp closed        http-proxy     reset ttl 128
80/udp   open|filtered http           no-response
443/udp  open|filtered https          no-response
902/udp  open|filtered ideafarm-door  no-response
912/udp  open|filtered unknown        no-response
8080/udp open|filtered unknown        no-response
MAC Address: 00:50:56:FC:0D:DF (VMware)
Warning: OSScan results may be unreliable because we could not find at least 1 open and 1 closed port
OS fingerprint not ideal because: Missing an open TCP port so results incomplete
Aggressive OS guesses: Aethra Starvoice 1042 ADSL router (91%), Bluebird SuperDOS (91%), Brother NC-130h print server (91%), Brother HL-1870N printer (91%), Brother HL-2070N or MFC-5460CN printer (91%), Brother HL-2070N printer (91%), Brother HL-5070N printer (91%), Brother MFC-7820N printer (91%), Brother MFC-9420CN printer (91%), Elk ELK-M1EXP Ethernet-to-serial bridge (91%)
No exact OS matches for host (test conditions non-ideal).
TCP/IP fingerprint:
SCAN(V=6.49BETA4%E=4%D=5/12%OT=%CT=80%CU=%PV=Y%DS=1%DC=D%G=N%M=005056%TM=55516DF1%P=x86_64-pc-linux-gnu)
SEQ(CI=I%II=I)
SEQ(CI=I)
T5(R=Y%DF=N%TG=80%W=7FFF%S=Z%A=S+%F=AR%O=%RD=0%Q=)
T6(R=Y%DF=N%TG=80%W=7FFF%S=A%A=Z%F=R%O=%RD=0%Q=)
T7(R=Y%DF=N%TG=80%W=7FFF%S=Z%A=S%F=AR%O=%RD=0%Q=)
U1(R=N)
IE(R=Y%DFI=N%TG=80%CD=Z)

Network Distance: 1 hop

Read data files from: /usr/bin/../share/nmap
OS detection performed. Please report any incorrect results at https://nmap.org/submit/ .
Nmap done: 1 IP address (1 host up) scanned in 4.89 seconds
           Raw packets sent: 41 (4.982KB) | Rcvd: 23 (1.724KB)
adjust_timeouts2: packet supposedly had rtt of -101076 microseconds.  Ignoring time.
adjust_timeouts2: packet supposedly had rtt of -101076 microseconds.  Ignoring time.
adjust_timeouts2: packet supposedly had rtt of -101610 microseconds.  Ignoring time.
adjust_timeouts2: packet supposedly had rtt of -101610 microseconds.  Ignoring time.
adjust_timeouts2: packet supposedly had rtt of -124895 microseconds.  Ignoring time.
adjust_timeouts2: packet supposedly had rtt of -124895 microseconds.  Ignoring time.
adjust_timeouts2: packet supposedly had rtt of -125522 microseconds.  Ignoring time.
adjust_timeouts2: packet supposedly had rtt of -125522 microseconds.  Ignoring time.
#### DNS services scan for IP=192.168.189.2


Starting Nmap 6.49BETA4 ( https://nmap.org ) at 2015-05-12 03:05 UTC
Nmap scan report for 192.168.189.2
Host is up (0.0019s latency).
PORT   STATE SERVICE VERSION
53/tcp open  domain  dnsmasq 2.51
MAC Address: 00:50:56:FC:0D:DF (VMware)

Service detection performed. Please report any incorrect results at https://nmap.org/submit/ .
Nmap done: 1 IP address (1 host up) scanned in 8.11 seconds
#### VMware ESXi host at IP=192.168.189.134

#### OS scan for IP=192.168.189.134


Starting Nmap 6.49BETA4 ( https://nmap.org ) at 2015-05-12 03:05 UTC
Initiating ARP Ping Scan at 03:05
Scanning 192.168.189.134 [1 port]
Completed ARP Ping Scan at 03:05, 0.20s elapsed (1 total hosts)
Initiating Parallel DNS resolution of 1 host. at 03:05
Completed Parallel DNS resolution of 1 host. at 03:05, 0.01s elapsed
Initiating SYN Stealth Scan at 03:05
Scanning 192.168.189.134 [5 ports]
Discovered open port 80/tcp on 192.168.189.134
Discovered open port 443/tcp on 192.168.189.134
Discovered open port 902/tcp on 192.168.189.134
Completed SYN Stealth Scan at 03:05, 1.21s elapsed (5 total ports)
Initiating UDP Scan at 03:05
Scanning 192.168.189.134 [5 ports]
Completed UDP Scan at 03:05, 1.22s elapsed (5 total ports)
Initiating OS detection (try #1) against 192.168.189.134
Retrying OS detection (try #2) against 192.168.189.134
Retrying OS detection (try #3) against 192.168.189.134
Retrying OS detection (try #4) against 192.168.189.134
Retrying OS detection (try #5) against 192.168.189.134
Nmap scan report for 192.168.189.134
Host is up, received arp-response (0.00077s latency).
Scanned at 2015-05-12 03:05:31 UTC for 16s
PORT     STATE         SERVICE        REASON
80/tcp   open          http           syn-ack ttl 64
443/tcp  open          https          syn-ack ttl 64
902/tcp  open          iss-realsecure syn-ack ttl 64
912/tcp  filtered      apex-mesh      no-response
8080/tcp closed        http-proxy     reset ttl 64
80/udp   open|filtered http           no-response
443/udp  open|filtered https          no-response
902/udp  open|filtered ideafarm-door  no-response
912/udp  open|filtered unknown        no-response
8080/udp open|filtered unknown        no-response
MAC Address: 00:0C:29:BD:16:1F (VMware)
Aggressive OS guesses: VMware ESXi Server 5.0 - 5.5 (97%), VMware ESXi Server 5.5 (94%), VMware ESXi Server 4.1 (92%), Crestron XPanel control system (92%), FreeBSD 7.0-RELEASE-p1 - 10.0-CURRENT (91%), FreeBSD 5.3 - 5.5 (90%), FreeNAS 0.686 (FreeBSD 6.2-RELEASE) or VMware ESXi Server 3.0 - 4.0 (90%), FreeBSD 8.0-RELEASE (90%), VMware ESX Server 4.0.1 (90%), VMware ESX Server 5 (90%)
No exact OS matches for host (If you know what OS is running on it, see https://nmap.org/submit/ ).
TCP/IP fingerprint:
OS:SCAN(V=6.49BETA4%E=4%D=5/12%OT=80%CT=8080%CU=%PV=Y%DS=1%DC=D%G=Y%M=000C2
OS:9%TM=55516E0C%P=x86_64-pc-linux-gnu)SEQ(SP=B5%GCD=1%ISR=FA%TI=I%CI=I%II=
OS:I%SS=S%TS=7)SEQ(SP=D4%GCD=1%ISR=FA%TI=I%CI=I%TS=7)OPS(O1=M5B4NW9ST11%O2=
OS:M578NW9ST11%O3=M280NW9NNT11%O4=M5B4NW9ST11%O5=M218NW9ST11%O6=M109ST11)WI
OS:N(W1=FFFF%W2=FFFF%W3=FFFF%W4=FFFF%W5=FFFF%W6=FFFF)ECN(R=Y%DF=Y%TG=40%W=F
OS:FFF%O=M5B4NW9SLL%CC=N%Q=)T1(R=Y%DF=Y%TG=40%S=O%A=S+%F=AS%RD=0%Q=)T2(R=N)
OS:T3(R=N)T4(R=Y%DF=Y%TG=40%W=0%S=A%A=Z%F=R%O=%RD=0%Q=)T5(R=Y%DF=Y%TG=40%W=
OS:0%S=Z%A=S+%F=AR%O=%RD=0%Q=)T6(R=Y%DF=Y%TG=40%W=0%S=A%A=Z%F=R%O=%RD=0%Q=)
OS:T7(R=Y%DF=Y%TG=40%W=0%S=Z%A=S%F=AR%O=%RD=0%Q=)U1(R=N)IE(R=Y%DFI=S%TG=40%
OS:CD=S)

Uptime guess: 0.413 days (since Mon May 11 17:10:31 2015)
Network Distance: 1 hop
TCP Sequence Prediction: Difficulty=185 (Good luck!)
IP ID Sequence Generation: Incremental

Read data files from: /usr/bin/../share/nmap
OS detection performed. Please report any incorrect results at https://nmap.org/submit/ .
Nmap done: 1 IP address (1 host up) scanned in 18.00 seconds
           Raw packets sent: 191 (18.878KB) | Rcvd: 118 (8.840KB)
adjust_timeouts2: packet supposedly had rtt of -178681 microseconds.  Ignoring time.
adjust_timeouts2: packet supposedly had rtt of -178681 microseconds.  Ignoring time.
### ESXi basic scan:
### ...ESXi:192.168.189.134
### ..... SSL certificate
Certificate:
    Data:
        Version: 3 (0x2)
        Serial Number: 36464190411725 (0x2129fb1dd3cd)
    Signature Algorithm: sha256WithRSAEncryption
        Issuer: O=VMware Installer
        Validity
            Not Before: May 10 03:28:23 2015 GMT
            Not After : Nov  8 03:28:23 2026 GMT
        Subject: C=US, ST=California, L=Palo Alto, O=VMware, Inc, OU=VMware ESX Server Default Certificate/emailAddress=ssl-certificates@vmware.com, CN=localhost.localdomain/unstructuredName=1431228503,564d7761726520496e632e
        Subject Public Key Info:
            Public Key Algorithm: rsaEncryption
                Public-Key: (2048 bit)
                Modulus:
                    00:d2:c4:90:a1:ba:fb:93:fe:2f:6a:b1:d6:32:d9:
                    1d:b5:50:55:a9:5d:0d:a2:e2:ca:5f:40:69:b6:b9:
                    30:b5:eb:1e:3e:75:d7:c2:ed:b0:a1:07:82:92:98:
                    32:10:30:75:45:f6:1a:e9:05:14:b7:69:12:6f:9f:
                    5f:fa:4c:3c:3e:41:a9:a9:aa:79:51:b2:e3:db:0c:
                    7d:a4:c9:be:df:63:c0:f0:3e:46:73:3d:77:7a:c1:
                    9d:f4:8e:a0:ae:9b:8f:c6:9c:19:b1:8c:91:23:f6:
                    9c:94:44:5e:f3:df:39:65:d9:62:80:a5:5a:9d:b3:
                    77:54:83:b9:8d:d5:35:5c:32:fa:f0:64:a2:1f:a9:
                    1a:11:e0:ea:e2:7e:2d:1d:c3:ed:28:6b:01:4c:b3:
                    b1:61:54:f6:9c:ca:ec:50:93:cb:00:dc:12:3c:6a:
                    18:53:0b:c7:f2:c0:1b:c1:6a:b4:c4:50:d6:3e:61:
                    25:68:bd:e2:96:d2:23:15:bf:64:e8:30:22:98:01:
                    7e:73:55:02:19:d4:25:8e:f2:a7:4b:a8:8a:0f:91:
                    49:5f:38:9f:c0:bb:20:71:49:aa:0f:3b:05:24:d8:
                    a2:64:c3:cc:ca:56:07:bf:73:5c:5b:3d:8b:c6:5a:
                    5f:c2:18:42:03:33:d7:4a:8f:fb:a9:5a:08:d7:1f:
                    f2:0b
                Exponent: 65537 (0x10001)
        X509v3 extensions:
            X509v3 Basic Constraints: 
                CA:FALSE
            X509v3 Key Usage: 
                Digital Signature, Key Encipherment, Data Encipherment
            X509v3 Extended Key Usage: 
                TLS Web Server Authentication, TLS Web Client Authentication
            X509v3 Subject Alternative Name: 
                DNS:localhost.localdomain
    Signature Algorithm: sha256WithRSAEncryption
         1a:aa:18:45:3c:14:d6:ad:cc:11:e6:29:a9:d3:42:ed:a7:7b:
         90:15:51:6a:33:6f:32:3c:5a:71:43:2f:f8:d0:21:a3:25:33:
         cd:6a:b8:80:e6:84:0a:e4:b5:09:13:f5:e4:c3:28:94:1c:ee:
         ab:71:12:1f:6a:bd:e2:83:98:bb:0b:3a:0c:61:c0:94:39:ec:
         89:b4:ad:12:2e:4e:6c:70:50:a4:e2:23:1e:a6:1b:62:44:a1:
         86:17:98:66:b8:d9:b9:75:88:85:a6:d6:8a:94:9c:04:59:45:
         1a:ac:81:04:16:02:3b:1d:6b:0b:93:08:ae:f8:dc:40:a9:be:
         37:43:37:9e:ff:59:da:bd:2f:a9:f6:77:90:03:f8:d1:a4:11:
         15:b6:d8:18:7c:25:5c:cd:a7:04:08:a9:5e:2e:fb:f1:12:4f:
         5b:d6:e9:ef:62:bb:b3:3f:a2:f4:a7:ef:1f:09:09:64:9f:35:
         dc:ed:80:75:bf:c3:6e:8c:77:b7:b1:c1:f0:88:9a:d3:d5:4a:
         1b:af:8b:32:7e:b2:19:05:1f:18:01:d4:6d:75:1e:ef:6b:f7:
         c6:0b:eb:60:49:c6:c8:55:39:eb:d8:b3:89:66:1b:7c:44:7e:
         90:53:ec:ce:1f:86:4f:b3:1d:7a:5b:49:44:dc:ef:a2:11:8c:
         05:ee:19:33
issuer= /O=VMware Installer
subject= /C=US/ST=California/L=Palo Alto/O=VMware, Inc/OU=VMware ESX Server Default Certificate/emailAddress=ssl-certificates@vmware.com/CN=localhost.localdomain/unstructuredName=1431228503,564d7761726520496e632e
### ..... API
<?xml version="1.0" encoding="UTF-8" ?>
<!--
   Copyright 2005-2015 VMware, Inc.  All rights reserved.
-->
<definitions targetNamespace="urn:vim25Service"
   xmlns="http://schemas.xmlsoap.org/wsdl/"
   xmlns:soap="http://schemas.xmlsoap.org/wsdl/soap/"
   xmlns:interface="urn:vim25"
>
   <import location="vim.wsdl" namespace="urn:vim25" />
   <service name="VimService">
      <port binding="interface:VimBinding" name="VimPort">
         <soap:address location="https://localhost/sdk/vimService" />
      </port>
   </service>
</definitions>
--2015-05-12 03:05:48--  https://192.168.189.134/sdk/vimService.wsdl
Connecting to 192.168.189.134:443... connected.
WARNING: The certificate of 192.168.189.134 is not trusted.
WARNING: The certificate of 192.168.189.134 hasn't got a known issuer.
The certificate's owner does not match hostname 192.168.189.134
HTTP request sent, awaiting response... 
  HTTP/1.1 200 OK
  Date: Tue, 12 May 2015 03:05:48 GMT
  Cache-Control: no-cache
  Connection: Keep-Alive
  Content-Type: text/xml; charset=utf-8
  Content-Length: 545
Length: 545 [text/xml]
Saving to: STDOUT

     0K                                                       100% 10.0M=0s

2015-05-12 03:05:48 (10.0 MB/s) - written to stdout [545/545]


---X---X---X---X---X---X---X---X---X---

#### VMware virtual machine at IP=192.168.189.128

#### OS scan for IP=192.168.189.128


Starting Nmap 6.49BETA4 ( https://nmap.org ) at 2015-05-12 03:05 UTC
Initiating ARP Ping Scan at 03:05
Scanning 192.168.189.128 [1 port]
Completed ARP Ping Scan at 03:05, 0.20s elapsed (1 total hosts)
Initiating Parallel DNS resolution of 1 host. at 03:05
Completed Parallel DNS resolution of 1 host. at 03:05, 0.01s elapsed
Initiating SYN Stealth Scan at 03:05
Scanning 192.168.189.128 [5 ports]
Completed SYN Stealth Scan at 03:05, 0.20s elapsed (5 total ports)
Initiating UDP Scan at 03:05
Scanning 192.168.189.128 [5 ports]
Completed UDP Scan at 03:05, 0.20s elapsed (5 total ports)
Initiating OS detection (try #1) against 192.168.189.128
Retrying OS detection (try #2) against 192.168.189.128
WARNING: OS didn't match until try #2
Nmap scan report for 192.168.189.128
Host is up, received arp-response (0.0014s latency).
Scanned at 2015-05-12 03:05:49 UTC for 2s
PORT     STATE  SERVICE        REASON
80/tcp   closed http           reset ttl 64
443/tcp  closed https          reset ttl 64
902/tcp  closed iss-realsecure reset ttl 64
912/tcp  closed apex-mesh      reset ttl 64
8080/tcp closed http-proxy     reset ttl 64
80/udp   closed http           port-unreach ttl 64
443/udp  closed https          port-unreach ttl 64
902/udp  closed ideafarm-door  port-unreach ttl 64
912/udp  closed unknown        port-unreach ttl 64
8080/udp closed unknown        port-unreach ttl 64
MAC Address: 00:0C:29:3A:80:A1 (VMware)
Warning: OSScan results may be unreliable because we could not find at least 1 open and 1 closed port
Device type: general purpose
Running: Linux 2.4.X|2.6.X
OS CPE: cpe:/o:linux:linux_kernel:2.4.20 cpe:/o:linux:linux_kernel:2.6
OS details: Linux 2.4.20, Linux 2.6.14 - 2.6.34, Linux 2.6.17 (Mandriva), Linux 2.6.23, Linux 2.6.24
TCP/IP fingerprint:
OS:SCAN(V=6.49BETA4%E=4%D=5/12%OT=%CT=80%CU=80%PV=Y%DS=1%DC=D%G=N%M=000C29%
OS:TM=55516E10%P=x86_64-pc-linux-gnu)SEQ(CI=I%II=I)SEQ(CI=RD)T5(R=Y%DF=Y%T=
OS:40%W=0%S=Z%A=S+%F=AR%O=%RD=0%Q=)T6(R=Y%DF=Y%T=40%W=0%S=A%A=Z%F=R%O=%RD=0
OS:%Q=)T7(R=Y%DF=Y%T=40%W=0%S=Z%A=S+%F=AR%O=%RD=0%Q=)U1(R=Y%DF=N%T=40%IPL=1
OS:64%UN=0%RIPL=G%RID=G%RIPCK=G%RUCK=G%RUD=G)IE(R=Y%DFI=N%T=40%CD=S)

Network Distance: 1 hop

Read data files from: /usr/bin/../share/nmap
OS detection performed. Please report any incorrect results at https://nmap.org/submit/ .
Nmap done: 1 IP address (1 host up) scanned in 3.75 seconds
           Raw packets sent: 30 (2.807KB) | Rcvd: 30 (2.783KB)
adjust_timeouts2: packet supposedly had rtt of -100931 microseconds.  Ignoring time.
adjust_timeouts2: packet supposedly had rtt of -100931 microseconds.  Ignoring time.
adjust_timeouts2: packet supposedly had rtt of -101056 microseconds.  Ignoring time.
adjust_timeouts2: packet supposedly had rtt of -101056 microseconds.  Ignoring time.
#### DNS services scan for IP=192.168.189.128


Starting Nmap 6.49BETA4 ( https://nmap.org ) at 2015-05-12 03:05 UTC
Nmap scan report for 192.168.189.128
Host is up (0.0010s latency).
PORT   STATE  SERVICE VERSION
53/tcp closed domain
MAC Address: 00:0C:29:3A:80:A1 (VMware)

Service detection performed. Please report any incorrect results at https://nmap.org/submit/ .
Nmap done: 1 IP address (1 host up) scanned in 1.71 seconds
#### (Ending at Tue May 12 03:05:54 UTC 2015)
